[04/07/2016 23:19] Leavism(130604133978865664) set their CMDR name to BOB
[04/07/2016 23:24] Leavism(130604133978865664) set their CMDR name to Leavism
[04/07/2016 23:25] MatthewScythes(198145906082578433) set their CMDR name to God
[04/07/2016 23:27] MatthewScythes(198145906082578433) set their CMDR name to Smittywerbenjagerman
[04/07/2016 23:27] MatthewScythes(198145906082578433) set their CMDR name to Smittywerbenjagerman Jenkins
[04/07/2016 23:28] MatthewScythes(198145906082578433) set their CMDR name to MatthewScythes
[04/07/2016 23:28] Leavism(130604133978865664) set their CMDR name to boob
[05/07/2016 00:28] MatthewScythes(198145906082578433) set their CMDR name to Datboi
[05/07/2016 01:39] MatthewScythes(198145906082578433) set 666 credits to MatthewScythes (198145906082578433)
[05/07/2016 01:39] MatthewScythes(198145906082578433) set their CMDR name to Satan
[05/07/2016 02:37] Leavism(130604133978865664) set their CMDR name to Leavism
[05/07/2016 02:40] Leavism(130604133978865664) set 2800000000 credits to Leavism (130604133978865664)
[05/07/2016 13:37] Leavism(130604133978865664) set their CMDR name to set
[05/07/2016 13:37] Leavism(130604133978865664) set their CMDR name to Leavism
[05/07/2016 13:39] Leavism(130604133978865664) set their CMDR name to leavism
[05/07/2016 13:57] Leavism(130604133978865664) set 100000000 credits to Leavism (130604133978865664)
[05/07/2016 14:10] Leavism(130604133978865664) set 1000000000000 credits to Leavism (130604133978865664)
[05/07/2016 14:13] Leavism(130604133978865664) set 100000000 credits to Leavism (130604133978865664)
[05/07/2016 14:14] Leavism(130604133978865664) set 2800000000 credits to Leavism (130604133978865664)
[05/07/2016 14:14] Leavism(130604133978865664) set 2800000000 credits to Leavism (130604133978865664)
[06/07/2016 02:20] Leavism(130604133978865664) set their CMDR name to Leavism
[06/07/2016 02:34] Leavism(130604133978865664) set their location to PST
[06/07/2016 02:37] Leavism(130604133978865664) set their location to PSPE
[06/07/2016 02:37] Leavism(130604133978865664) set their location to PSPSP
[06/07/2016 11:49] 1
[06/07/2016 11:50] 1
[06/07/2016 11:51] 1
[06/07/2016 11:54] 1
[06/07/2016 11:56] 1
[06/07/2016 11:59] 1
[06/07/2016 12:00] 1
[06/07/2016 12:21] Leavism(130604133978865664) set their location to fsdakfdljkskljfsda,ffasjkhlfdkjhfdsa,fajkh
[06/07/2016 12:22] Leavism(130604133978865664) set their location to faidjiosdfj asiodjfsdoifjas oisdjfas dofij
[06/07/2016 12:38] Leavism(130604133978865664) set their ship listing to yoyoyoyoyoyo
[06/07/2016 13:29] Leavism(130604133978865664) set their CMDR name to Leavism
[06/07/2016 13:29] Leavism(130604133978865664) set 2800000000 credits to Leavism (130604133978865664)
[06/07/2016 13:31] Leavism(130604133978865664) set their location to PST
[06/07/2016 13:32] Leavism(130604133978865664) set their ship listing to I have the adder, hauler, sidewinder, cutter, corvette, anaconda, etc. Basically I have every ship and enough money to buy them twice.
[06/07/2016 13:35] Leavism(130604133978865664) set 290000000 credits to Leavism (130604133978865664)
[06/07/2016 13:37] Corv'iin(95567430901825536) set 1320776423 credits to Corv'iin (95567430901825536)
